<?xml version="1.0" encoding="UTF-8"?>
<robot generator="Robot 6.1 (Python 3.10.6 on linux)" generated="20230718 22:38:12.366" rpa="false" schemaversion="4">
<suite id="s1" name="Languagens Menu" source="/home/lara/Documents/versetis_automation/tests/languagens_menu.robot">
<test id="s1-t1" line="10">
<status status="FAIL" starttime="20230718 22:38:12.450" endtime="20230718 22:38:12.451">Test name cannot be empty.</status>
</test>
<doc>Suite de teste do abrir idiomas</doc>
<status status="FAIL" starttime="20230718 22:38:12.367" endtime="20230718 22:38:12.451"/>
</suite>
<statistics>
<total>
<stat pass="0" fail="1" skip="0">All Tests</stat>
</total>
<tag>
</tag>
<suite>
<stat pass="0" fail="1" skip="0" id="s1" name="Languagens Menu">Languagens Menu</stat>
</suite>
</statistics>
<errors>
<msg timestamp="20230718 22:38:12.376" level="ERROR">Error in file '/home/lara/Documents/versetis_automation/resources/base.robot' on line 12: Creating keyword 'dado que' failed: User keyword cannot be empty.</msg>
</errors>
</robot>
