<?xml version="1.0" encoding="UTF-8"?>
<robot generator="Robot 6.1 (Python 3.10.6 on linux)" generated="20230719 18:42:55.693" rpa="false" schemaversion="4">
<suite id="s1" name="Languages Open" source="/home/lara/Music/versetis_automation/tests/languages_open.robot">
<kw name="Start Test" library="base" type="SETUP">
<kw name="Loading Elements" library="base">
<kw name="Add Image Path" library="SikuliLibrary">
<arg>${EXECDIR}\\resources\\elements</arg>
<doc>Add image path</doc>
<msg timestamp="20230719 18:42:58.283" level="INFO">[error] ImagePath: add: folder does not exist (/home/lara/Music/versetis_automation\resources\elements)
[error] ImagePath: add: not valid: /home/lara/Music/versetis_automation\resources\elements</msg>
<status status="PASS" starttime="20230719 18:42:58.267" endtime="20230719 18:42:58.283"/>
</kw>
<status status="PASS" starttime="20230719 18:42:58.267" endtime="20230719 18:42:58.283"/>
</kw>
<kw name="Click" library="SikuliLibrary">
<arg>icon_chrome.png</arg>
<doc>Click</doc>
<msg timestamp="20230719 18:42:58.321" level="INFO">[error] RunTime:loadLib: opencv_java (failed) probably dependent libs missing:
no opencv_java in java.library.path: [/usr/java/packages/lib, /usr/lib/x86_64-linux-gnu/jni, /lib/x86_64-linux-gnu, /usr/lib/x86_64-linux-gnu, /usr/lib/jni, /lib, /usr/lib]
[error] Save your work, correct the problem and restart the IDE!
[error] see: https://github.com/RaiMan/SikuliX1/wiki/macOS-Linux:-Support-Libraries-for-OpenCV-4
TERMINATING: problem with native library: opencv_java</msg>
<msg timestamp="20230719 18:42:58.321" level="FAIL">java.lang.ExceptionInInitializerError: null</msg>
<status status="FAIL" starttime="20230719 18:42:58.283" endtime="20230719 18:42:58.321"/>
</kw>
<status status="FAIL" starttime="20230719 18:42:58.266" endtime="20230719 18:42:58.321"/>
</kw>
<test id="s1-t1" name="Open language" line="10">
<status status="FAIL" starttime="20230719 18:42:58.321" endtime="20230719 18:42:58.322">Parent suite setup failed:
java.lang.ExceptionInInitializerError: null</status>
</test>
<kw name="Stop Test" library="base" type="TEARDOWN">
<kw name="Stop Remote Server" library="SikuliLibrary">
<doc>Stops the remote server.</doc>
<msg timestamp="20230719 18:42:58.329" level="INFO">Robot Framework remote server stopping</msg>
<status status="PASS" starttime="20230719 18:42:58.323" endtime="20230719 18:42:58.329"/>
</kw>
<status status="PASS" starttime="20230719 18:42:58.323" endtime="20230719 18:42:58.329"/>
</kw>
<doc>Open languages ​​test suite</doc>
<status status="FAIL" starttime="20230719 18:42:55.694" endtime="20230719 18:42:58.329">Suite setup failed:
java.lang.ExceptionInInitializerError: null</status>
</suite>
<statistics>
<total>
<stat pass="0" fail="1" skip="0">All Tests</stat>
</total>
<tag>
</tag>
<suite>
<stat pass="0" fail="1" skip="0" id="s1" name="Languages Open">Languages Open</stat>
</suite>
</statistics>
<errors>
<msg timestamp="20230719 18:42:55.710" level="ERROR">Error in file '/home/lara/Music/versetis_automation/resources/base.robot' on line 21: Creating keyword 'End Test' failed: User keyword cannot be empty.</msg>
<msg timestamp="20230719 18:42:55.710" level="ERROR">Error in file '/home/lara/Music/versetis_automation/resources/base.robot' on line 22: Creating keyword ' Capture Screen' failed: User keyword cannot be empty.</msg>
<msg timestamp="20230719 18:42:55.710" level="ERROR">Error in file '/home/lara/Music/versetis_automation/resources/base.robot' on line 23: Creating keyword ' Close Application chrome' failed: User keyword cannot be empty.</msg>
</errors>
</robot>
